<?xml version="1.0" encoding="UTF-8"?>
<testsuite xmlns:xsi="http://www.w3.org/2001/XMLSchema-instance" xsi:noNamespaceSchemaLocation="https://maven.apache.org/surefire/maven-surefire-plugin/xsd/surefire-test-report-3.0.xsd" version="3.0" name="com.example.animalapp.controller.AnimalPictureControllerTest" time="7.146" tests="1" errors="0" skipped="0" failures="0">
  <properties>
[...]
</properties>
  <testcase name="saveAndFetchCatPicture" classname="com.example.animalapp.controller.AnimalPictureControllerTest" time="1.182">
    <system-out><![CDATA[13:12:25.988 [main] INFO org.springframework.test.context.support.AnnotationConfigContextLoaderUtils -- Could not detect default configuration classes for test class [com.example.animalapp.controller.AnimalPictureControllerTest]: AnimalPictureControllerTest does not declare any static, non-private, non-final, nested classes annotated with @Configuration.
13:12:26.242 [main] INFO org.springframework.boot.test.context.SpringBootTestContextBootstrapper -- Found @SpringBootConfiguration com.example.animalapp.AnimalAppApplication for test class com.example.animalapp.controller.AnimalPictureControllerTest

  .   ____          _            __ _ _
 /\\ / ___'_ __ _ _(_)_ __  __ _ \ \ \ \
( ( )\___ | '_ | '_| | '_ \/ _` | \ \ \ \
 \\/  ___)| |_)| | | | | || (_| |  ) ) ) )
  '  |____| .__|_| |_|_| |_\__, | / / / /
 =========|_|==============|___/=/_/_/_/
 :: Spring Boot ::                (v3.2.5)

2025-05-27T13:12:26.989Z  INFO 65292 --- [           main] c.e.a.c.AnimalPictureControllerTest      : Starting AnimalPictureControllerTest using Java 21.0.6 with PID 65292 (started by codespace in /workspaces/animal-picture-app)
2025-05-27T13:12:26.995Z  INFO 65292 --- [           main] c.e.a.c.AnimalPictureControllerTest      : No active profile set, falling back to 1 default profile: "default"
2025-05-27T13:12:28.065Z  INFO 65292 --- [           main] .s.d.r.c.RepositoryConfigurationDelegate : Bootstrapping Spring Data JPA repositories in DEFAULT mode.
2025-05-27T13:12:28.117Z  INFO 65292 --- [           main] .s.d.r.c.RepositoryConfigurationDelegate : Finished Spring Data repository scanning in 46 ms. Found 1 JPA repository interface.
2025-05-27T13:12:28.671Z  INFO 65292 --- [           main] o.hibernate.jpa.internal.util.LogHelper  : HHH000204: Processing PersistenceUnitInfo [name: default]
2025-05-27T13:12:28.724Z  INFO 65292 --- [           main] org.hibernate.Version                    : HHH000412: Hibernate ORM core version 6.4.4.Final
2025-05-27T13:12:28.758Z  INFO 65292 --- [           main] o.h.c.internal.RegionFactoryInitiator    : HHH000026: Second-level cache disabled
2025-05-27T13:12:28.977Z  INFO 65292 --- [           main] o.s.o.j.p.SpringPersistenceUnitInfo      : No LoadTimeWeaver setup: ignoring JPA class transformer
2025-05-27T13:12:29.002Z  INFO 65292 --- [           main] com.zaxxer.hikari.HikariDataSource       : HikariPool-1 - Starting...
2025-05-27T13:12:29.238Z  INFO 65292 --- [           main] com.zaxxer.hikari.pool.HikariPool        : HikariPool-1 - Added connection conn0: url=jdbc:h2:mem:animaldb user=SA
2025-05-27T13:12:29.240Z  INFO 65292 --- [           main] com.zaxxer.hikari.HikariDataSource       : HikariPool-1 - Start completed.
2025-05-27T13:12:30.186Z  INFO 65292 --- [           main] o.h.e.t.j.p.i.JtaPlatformInitiator       : HHH000489: No JTA platform available (set 'hibernate.transaction.jta.platform' to enable JTA platform integration)
Hibernate: create table animal_picture (id bigint generated by default as identity, animal_type varchar(255), saved_at timestamp(6), url varchar(255), primary key (id))
2025-05-27T13:12:30.253Z  INFO 65292 --- [           main] j.LocalContainerEntityManagerFactoryBean : Initialized JPA EntityManagerFactory for persistence unit 'default'
2025-05-27T13:12:30.720Z  WARN 65292 --- [           main] JpaBaseConfiguration$JpaWebConfiguration : spring.jpa.open-in-view is enabled by default. Therefore, database queries may be performed during view rendering. Explicitly configure spring.jpa.open-in-view to disable this warning
2025-05-27T13:12:30.755Z  INFO 65292 --- [           main] o.s.b.a.w.s.WelcomePageHandlerMapping    : Adding welcome page template: index
2025-05-27T13:12:31.441Z  INFO 65292 --- [           main] o.s.b.a.h2.H2ConsoleAutoConfiguration    : H2 console available at '/h2-console'. Database available at 'jdbc:h2:mem:animaldb'
2025-05-27T13:12:31.519Z  INFO 65292 --- [           main] o.s.b.t.m.w.SpringBootMockServletContext : Initializing Spring TestDispatcherServlet ''
2025-05-27T13:12:31.520Z  INFO 65292 --- [           main] o.s.t.web.servlet.TestDispatcherServlet  : Initializing Servlet ''
2025-05-27T13:12:31.523Z  INFO 65292 --- [           main] o.s.t.web.servlet.TestDispatcherServlet  : Completed initialization in 2 ms
2025-05-27T13:12:31.559Z  INFO 65292 --- [           main] c.e.a.c.AnimalPictureControllerTest      : Started AnimalPictureControllerTest in 5.081 seconds (process running for 6.606)
Hibernate: select ap1_0.id,ap1_0.animal_type,ap1_0.saved_at,ap1_0.url from animal_picture ap1_0
Hibernate: insert into animal_picture (animal_type,saved_at,url,id) values (?,?,?,default)
Hibernate: select ap1_0.id,ap1_0.animal_type,ap1_0.saved_at,ap1_0.url from animal_picture ap1_0 where ap1_0.animal_type=? order by ap1_0.saved_at desc fetch first ? rows only
]]></system-out>
    <system-err><![CDATA[WARNING: A Java agent has been loaded dynamically (/home/codespace/.m2/repository/net/bytebuddy/byte-buddy-agent/1.14.13/byte-buddy-agent-1.14.13.jar)
WARNING: If a serviceability tool is in use, please run with -XX:+EnableDynamicAgentLoading to hide this warning
WARNING: If a serviceability tool is not in use, please run with -Djdk.instrument.traceUsage for more information
WARNING: Dynamic loading of agents will be disallowed by default in a future release
]]></system-err>
  </testcase>
</testsuite>